#
# There is insufficient memory for the Java Runtime Environment to continue.
# Native memory allocation (mmap) failed to map 264241152 bytes for G1 virtual space
# Possible reasons:
#   The system is out of physical RAM or swap space
#   The process is running with CompressedOops enabled, and the Java Heap may be blocking the growth of the native heap
# Possible solutions:
#   Reduce memory load on the system
#   Increase physical memory or swap space
#   Check if swap backing store is full
#   Decrease Java heap size (-Xmx/-Xms)
#   Decrease number of Java threads
#   Decrease Java thread stack sizes (-Xss)
#   Set larger code cache with -XX:ReservedCodeCacheSize=
#   JVM is running with Zero Based Compressed Oops mode in which the Java heap is
#     placed in the first 32GB address space. The Java Heap base address is the
#     maximum limit for the native heap growth. Please use -XX:HeapBaseMinAddress
#     to set the Java Heap base and to place the Java Heap above 32GB virtual address.
# This output file may be truncated or incomplete.
#
#  Out of Memory Error (os_windows.cpp:3769), pid=2424, tid=2468
#
# JRE version:  (17.0.6+10) (build )
# Java VM: OpenJDK 64-Bit Server VM (17.0.6+10-b829.5, mixed mode, sharing, tiered, compressed oops, compressed class ptrs, g1 gc, windows-amd64)
# No core dump will be written. Minidumps are not enabled by default on client versions of Windows
#

---------------  S U M M A R Y ------------

Command Line: -Dfile.encoding=utf-8 D:\Users\lenovo\AppData\Local\Huawei\openharmony\9\toolchains\lib\app_packing_tool.jar --mode hap --force true --lib-path E:\Users\lenovo\DevEcoStudioProjects\Alzheimer\entry\build\default\intermediates\libs\default --json-path E:\Users\lenovo\DevEcoStudioProjects\Alzheimer\entry\build\default\intermediates\res\default\module.json --resources-path E:\Users\lenovo\DevEcoStudioProjects\Alzheimer\entry\build\default\intermediates\res\default\resources --index-path E:\Users\lenovo\DevEcoStudioProjects\Alzheimer\entry\build\default\intermediates\res\default\resources.index --pack-info-path E:\Users\lenovo\DevEcoStudioProjects\Alzheimer\entry\build\default\outputs\default\pack.info --out-path E:\Users\lenovo\DevEcoStudioProjects\Alzheimer\entry\build\default\outputs\default\entry-default-unsigned.hap --ets-path E:\Users\lenovo\DevEcoStudioProjects\Alzheimer\entry\build\default\intermediates\loader_out\default\ets

Host: 11th Gen Intel(R) Core(TM) i7-11800H @ 2.30GHz, 16 cores, 15G,  Windows 10 , 64 bit Build 19041 (10.0.19041.3636)
Time: Fri Jun  7 15:36:19 2024  Windows 10 , 64 bit Build 19041 (10.0.19041.3636) elapsed time: 0.023244 seconds (0d 0h 0m 0s)

---------------  T H R E A D  ---------------

Current thread (0x000001a6e0690040):  JavaThread "Unknown thread" [_thread_in_vm, id=2468, stack(0x00000085ffa00000,0x00000085ffb00000)]

Stack: [0x00000085ffa00000,0x00000085ffb00000]
Native frames: (J=compiled Java code, j=interpreted, Vv=VM code, C=native code)
V  [jvm.dll+0x683b4a]
V  [jvm.dll+0x842654]
V  [jvm.dll+0x843dfe]
V  [jvm.dll+0x844463]
V  [jvm.dll+0x249b75]
V  [jvm.dll+0x680a19]
V  [jvm.dll+0x674f0a]
V  [jvm.dll+0x309acb]
V  [jvm.dll+0x310f86]
V  [jvm.dll+0x3608ee]
V  [jvm.dll+0x360b1f]
V  [jvm.dll+0x2dfbf8]
V  [jvm.dll+0x2e0b64]
V  [jvm.dll+0x813f41]
V  [jvm.dll+0x36e6a1]
V  [jvm.dll+0x7f347c]
V  [jvm.dll+0x3f0e8f]
V  [jvm.dll+0x3f29d1]
C  [jli.dll+0x526b]
C  [ucrtbase.dll+0x21bb2]
C  [KERNEL32.DLL+0x17344]
C  [ntdll.dll+0x526b1]


---------------  P R O C E S S  ---------------

Threads class SMR info:
_java_thread_list=0x00007ffe47b0c058, length=0, elements={
}

Java Threads: ( => current thread )

Other Threads:
  0x000001a6e06fd4f0 GCTaskThread "GC Thread#0" [stack: 0x00000085ffb00000,0x00000085ffc00000] [id=6724]
  0x000001a6e070df10 ConcurrentGCThread "G1 Main Marker" [stack: 0x00000085ffc00000,0x00000085ffd00000] [id=14944]
  0x000001a6e070e830 ConcurrentGCThread "G1 Conc#0" [stack: 0x00000085ffd00000,0x00000085ffe00000] [id=6060]

[error occurred during error reporting (printing all threads), id 0xc0000005, EXCEPTION_ACCESS_VIOLATION (0xc0000005) at pc=0x00007ffe472c0797]

VM state: not at safepoint (not fully initialized)

VM Mutex/Monitor currently owned by a thread:  ([mutex/lock_event])
[0x000001a6e068c230] Heap_lock - owner thread: 0x000001a6e0690040

Heap address: 0x0000000704200000, size: 4030 MB, Compressed Oops mode: Zero based, Oop shift amount: 3

CDS archive(s) mapped at: [0x0000000000000000-0x0000000000000000-0x0000000000000000), size 0, SharedBaseAddress: 0x0000000800000000, ArchiveRelocationMode: 0.
Narrow klass base: 0x0000000000000000, Narrow klass shift: 0, Narrow klass range: 0x0

GC Precious Log:
<Empty>

Heap:
 garbage-first heap   total 0K, used 0K [0x0000000704200000, 0x0000000800000000)
  region size 2048K, 0 young (0K), 0 survivors (0K)

[error occurred during error reporting (printing heap information), id 0xc0000005, EXCEPTION_ACCESS_VIOLATION (0xc0000005) at pc=0x00007ffe476ad939]

GC Heap History (0 events):
No events

Dll operation events (1 events):
Event: 0.013 Loaded shared library D:\Program Files\Huawei\DevEco Studio\jbr\bin\java.dll

Deoptimization events (0 events):
No events

Classes unloaded (0 events):
No events

Classes redefined (0 events):
No events

Internal exceptions (0 events):
No events

VM Operations (0 events):
No events

Events (0 events):
No events


Dynamic libraries:
0x00007ff64a090000 - 0x00007ff64a09a000 	D:\Program Files\Huawei\DevEco Studio\jbr\bin\java.exe
0x00007ffe93c10000 - 0x00007ffe93e08000 	C:\Windows\SYSTEM32\ntdll.dll
0x00007ffe91e70000 - 0x00007ffe91f2d000 	C:\Windows\System32\KERNEL32.DLL
0x00007ffe91920000 - 0x00007ffe91c16000 	C:\Windows\System32\KERNELBASE.dll
0x00007ffe912d0000 - 0x00007ffe913d0000 	C:\Windows\System32\ucrtbase.dll
0x00007ffe770f0000 - 0x00007ffe77107000 	D:\Program Files\Huawei\DevEco Studio\jbr\bin\jli.dll
0x00007ffe8e930000 - 0x00007ffe8e94b000 	D:\Program Files\Huawei\DevEco Studio\jbr\bin\VCRUNTIME140.dll
0x00007ffe92590000 - 0x00007ffe9272e000 	C:\Windows\System32\USER32.dll
0x00007ffe91c20000 - 0x00007ffe91c42000 	C:\Windows\System32\win32u.dll
0x00007ffe923e0000 - 0x00007ffe9240b000 	C:\Windows\System32\GDI32.dll
0x00007ffe704f0000 - 0x00007ffe7078a000 	C:\Windows\WinSxS\amd64_microsoft.windows.common-controls_6595b64144ccf1df_6.0.19041.3636_none_60b6a03d71f818d5\COMCTL32.dll
0x00007ffe91790000 - 0x00007ffe918a7000 	C:\Windows\System32\gdi32full.dll
0x00007ffe92340000 - 0x00007ffe923de000 	C:\Windows\System32\msvcrt.dll
0x00007ffe91400000 - 0x00007ffe9149d000 	C:\Windows\System32\msvcp_win.dll
0x00007ffe92870000 - 0x00007ffe928a2000 	C:\Windows\System32\IMM32.DLL
0x00007ffe8e920000 - 0x00007ffe8e92c000 	D:\Program Files\Huawei\DevEco Studio\jbr\bin\vcruntime140_1.dll
0x00007ffe76cd0000 - 0x00007ffe76d5d000 	D:\Program Files\Huawei\DevEco Studio\jbr\bin\msvcp140.dll
0x00007ffe46fd0000 - 0x00007ffe47c3d000 	D:\Program Files\Huawei\DevEco Studio\jbr\bin\server\jvm.dll
0x00007ffe921f0000 - 0x00007ffe922a3000 	C:\Windows\System32\ADVAPI32.dll
0x00007ffe91d70000 - 0x00007ffe91e0f000 	C:\Windows\System32\sechost.dll
0x00007ffe928d0000 - 0x00007ffe929f6000 	C:\Windows\System32\RPCRT4.dll
0x00007ffe913d0000 - 0x00007ffe913f7000 	C:\Windows\System32\bcrypt.dll
0x00007ffe6af60000 - 0x00007ffe6af69000 	C:\Windows\SYSTEM32\WSOCK32.dll
0x00007ffe84c70000 - 0x00007ffe84c97000 	C:\Windows\SYSTEM32\WINMM.dll
0x00007ffe8e850000 - 0x00007ffe8e85a000 	C:\Windows\SYSTEM32\VERSION.dll
0x00007ffe92730000 - 0x00007ffe9279b000 	C:\Windows\System32\WS2_32.dll
0x00007ffe8fb10000 - 0x00007ffe8fb22000 	C:\Windows\SYSTEM32\kernel.appcore.dll
0x00007ffe77560000 - 0x00007ffe7756a000 	D:\Program Files\Huawei\DevEco Studio\jbr\bin\jimage.dll
0x00007ffe8f810000 - 0x00007ffe8f9f4000 	C:\Windows\SYSTEM32\DBGHELP.DLL
0x00007ffe7af10000 - 0x00007ffe7af44000 	C:\Windows\SYSTEM32\dbgcore.DLL
0x00007ffe914a0000 - 0x00007ffe91522000 	C:\Windows\System32\bcryptPrimitives.dll
0x00007ffe76a10000 - 0x00007ffe76a35000 	D:\Program Files\Huawei\DevEco Studio\jbr\bin\java.dll

dbghelp: loaded successfully - version: 4.0.5 - missing functions: none
symbol engine: initialized successfully - sym options: 0x614 - pdb path: .;D:\Program Files\Huawei\DevEco Studio\jbr\bin;C:\Windows\SYSTEM32;C:\Windows\WinSxS\amd64_microsoft.windows.common-controls_6595b64144ccf1df_6.0.19041.3636_none_60b6a03d71f818d5;D:\Program Files\Huawei\DevEco Studio\jbr\bin\server

VM Arguments:
jvm_args: -Dfile.encoding=utf-8 
java_command: D:\Users\lenovo\AppData\Local\Huawei\openharmony\9\toolchains\lib\app_packing_tool.jar --mode hap --force true --lib-path E:\Users\lenovo\DevEcoStudioProjects\Alzheimer\entry\build\default\intermediates\libs\default --json-path E:\Users\lenovo\DevEcoStudioProjects\Alzheimer\entry\build\default\intermediates\res\default\module.json --resources-path E:\Users\lenovo\DevEcoStudioProjects\Alzheimer\entry\build\default\intermediates\res\default\resources --index-path E:\Users\lenovo\DevEcoStudioProjects\Alzheimer\entry\build\default\intermediates\res\default\resources.index --pack-info-path E:\Users\lenovo\DevEcoStudioProjects\Alzheimer\entry\build\default\outputs\default\pack.info --out-path E:\Users\lenovo\DevEcoStudioProjects\Alzheimer\entry\build\default\outputs\default\entry-default-unsigned.hap --ets-path E:\Users\lenovo\DevEcoStudioProjects\Alzheimer\entry\build\default\intermediates\loader_out\default\ets
java_class_path (initial): D:\Users\lenovo\AppData\Local\Huawei\openharmony\9\toolchains\lib\app_packing_tool.jar
Launcher Type: SUN_STANDARD

[Global flags]
     intx CICompilerCount                          = 12                                        {product} {ergonomic}
     uint ConcGCThreads                            = 3                                         {product} {ergonomic}
     uint G1ConcRefinementThreads                  = 13                                        {product} {ergonomic}
   size_t G1HeapRegionSize                         = 2097152                                   {product} {ergonomic}
    uintx GCDrainStackTargetSize                   = 64                                        {product} {ergonomic}
   size_t InitialHeapSize                          = 264241152                                 {product} {ergonomic}
   size_t MarkStackSize                            = 4194304                                   {product} {ergonomic}
   size_t MaxHeapSize                              = 4225761280                                {product} {ergonomic}
   size_t MinHeapDeltaBytes                        = 2097152                                   {product} {ergonomic}
   size_t MinHeapSize                              = 8388608                                   {product} {ergonomic}
    uintx NonNMethodCodeHeapSize                   = 7602480                                {pd product} {ergonomic}
    uintx NonProfiledCodeHeapSize                  = 122027880                              {pd product} {ergonomic}
    uintx ProfiledCodeHeapSize                     = 122027880                              {pd product} {ergonomic}
    uintx ReservedCodeCacheSize                    = 251658240                              {pd product} {ergonomic}
     bool SegmentedCodeCache                       = true                                      {product} {ergonomic}
   size_t SoftMaxHeapSize                          = 4225761280                             {manageable} {ergonomic}
     bool UseCompressedClassPointers               = true                           {product lp64_product} {ergonomic}
     bool UseCompressedOops                        = true                           {product lp64_product} {ergonomic}
     bool UseG1GC                                  = true                                      {product} {ergonomic}
     bool UseLargePagesIndividualAllocation        = false                                  {pd product} {ergonomic}

Logging:
Log output configuration:
 #0: stdout all=warning uptime,level,tags
 #1: stderr all=off uptime,level,tags

Environment Variables:
JAVA_HOME=C:\Program Files\Java\jdk-20
CLASSPATH=.;C:\Program Files\Java\jdk-20\lib\dt.jar;C:\Program Files\Java\jdk-20\lib\tools.jar;C:\Program Files\Apache Software Foundation\Tomcat 10.1\lib\servlet-api.jar;
PATH=D:\Program Files\Huawei\DevEco Studio\jbr\bin;D:/Users/lenovo/nodejs;D:\Program Files (x86)\VMware\VMware Workstation\bin\;C:\Program Files\NVIDIA GPU Computing Toolkit\CUDA\v12.0\bin;C:\Program Files\NVIDIA GPU Computing Toolkit\CUDA\v12.0\libnvvp;C:\Program Files\Common Files\Oracle\Java\javapath;C:\Program Files\Microsoft MPI\Bin\;C:\Windows\system32;C:\Windows;C:\Windows\System32\Wbem;C:\Windows\System32\WindowsPowerShell\v1.0\;C:\Windows\System32\OpenSSH\;D:\Program Files\nodejs\;C:\Program Files\Microsoft SQL Server\Client SDK\ODBC\170\Tools\Binn\;D:\Program Files (x86)\Microsoft SQL Server\150\Tools\Binn\;C:\Program Files\Microsoft SQL Server\150\Tools\Binn\;C:\Program Files\Microsoft SQL Server\150\DTS\Binn\;C:\Program Files\dotnet\;D:\Program Files\Git\cmd;D:\Program Files (x86)\Microsoft SQL Server\160\DTS\Binn\;C:\Program Files\Java\jdk-20\bin;D:\mpv-x86_64-20230611-git-1c82d6a;C:\Program Files\Bandizip\;%HOME%\pip\pip.ini;C:\Program Files\NVIDIA Corporation\Nsight Compute 2022.4.1\;C:\Program Files (x86)\NVIDIA Corporation\PhysX\Common;C:\Program Files\NVIDIA GPU Computing Toolkit\CUDA\v12.0\include;C:\Program Files\NVIDIA GPU Computing Toolkit\CUDA\v12.0\lib;D:\ffmpeg-2023-07-02-git-50f34172e0-full_build;D:\ffmpeg-2023-07-02-git-50f34172e0-full_build\bin;D:\x86_64-8.1.0-release-posix-seh-rt_v6-rev0\mingw64\bin;C:\Program Files\Java\jre-20;E:\aronabot\mcl\java\bin;D:\Program Files (x86)\HP\LoadRunner\strawberry-perl\perl\bin;C:\Program Files (x86)\Windows Kits\10\Windows Performance Toolkit\;D:\Program Files\MySQL\MySQL Server 8.0\bin;D:\php-8.3.4-Win32-vs16-x64;C:\Users\lenovo\.cargo\bin;C:\Program Files\MySQL\MySQL Shell 8.0\bin\;C:\Users\lenovo\AppData\Local\Programs\Python\Python38\Scripts\;C:\Users\lenovo\AppData\Local\Programs\Python\Python38\;C:\Users\lenovo\AppData\Local\Microsoft\WindowsApps;C:\Users\lenovo\AppData\Roaming\npm;D:\Users\lenovo\Downloads\ffmpeg-6.0-essentials_build\ffmpeg-6.0-essentials_build\bin;C:\Program Files\Azure Data Stud
USERNAME=lenovo
OS=Windows_NT
PROCESSOR_IDENTIFIER=Intel64 Family 6 Model 141 Stepping 1, GenuineIntel
TMP=C:\Users\lenovo\AppData\Local\Temp
TEMP=C:\Users\lenovo\AppData\Local\Temp



---------------  S Y S T E M  ---------------

OS:
 Windows 10 , 64 bit Build 19041 (10.0.19041.3636)
OS uptime: 0 days 1:47 hours

CPU: total 16 (initial active 16) (8 cores per cpu, 2 threads per core) family 6 model 141 stepping 1 microcode 0x4e, cx8, cmov, fxsr, ht, mmx, 3dnowpref, sse, sse2, sse3, ssse3, sse4.1, sse4.2, popcnt, lzcnt, tsc, tscinvbit, avx, avx2, aes, erms, clmul, bmi1, bmi2, adx, avx512f, avx512dq, avx512cd, avx512bw, avx512vl, sha, fma, vzeroupper, avx512_vpopcntdq, avx512_vpclmulqdq, avx512_vaes, avx512_vnni, clflush, clflushopt, clwb, avx512_vbmi2, avx512_vbmi

Memory: 4k page, system-wide physical 16114M (2295M free)
TotalPageFile size 20210M (AvailPageFile size 114M)
current process WorkingSet (physical memory assigned to process): 11M, peak: 11M
current process commit charge ("private bytes"): 70M, peak: 322M

vm_info: OpenJDK 64-Bit Server VM (17.0.6+10-b829.5) for windows-amd64 JRE (17.0.6+10-b829.5), built on 2023-02-24 by "builduser" with MS VC++ 16.10 / 16.11 (VS2019)

END.
